<?xml version="1.0" encoding="UTF-8"?>
<!-- Generated by org.testng.reporters.JUnitXMLReporter -->
<testsuite hostname="Arjun" ignored="0" name="Default test" tests="3" failures="0" timestamp="25 Aug 2018 17:09:49 GMT" time="67.799" errors="0">
  <testcase name="loginPageTitleTest" time="0.334" classname="com.qa.pom.testCases.LoginPageTest"/>
  <testcase name="crmImageTest" time="0.136" classname="com.qa.pom.testCases.LoginPageTest"/>
  <testcase name="loginTest" time="13.755" classname="com.qa.pom.testCases.LoginPageTest"/>
</testsuite> <!-- Default test -->
