<?xml version="1.0" encoding="UTF-8"?>
<testng-results skipped="0" failed="0" ignored="0" total="3" passed="3">
  <reporter-output>
  </reporter-output>
  <suite name="Default suite" duration-ms="67799" started-at="2018-08-25T17:08:41Z" finished-at="2018-08-25T17:09:49Z">
    <groups>
    </groups>
    <test name="Default test" duration-ms="67799" started-at="2018-08-25T17:08:41Z" finished-at="2018-08-25T17:09:49Z">
      <class name="com.qa.pom.testCases.LoginPageTest">
        <test-method status="PASS" signature="setUp()[pri:0, instance:com.qa.pom.testCases.LoginPageTest@1794d431]" name="setUp" is-config="true" duration-ms="17545" started-at="2018-08-25T17:08:41Z" finished-at="2018-08-25T17:08:58Z">
          <reporter-output>
          </reporter-output>
        </test-method> <!-- setUp -->
        <test-method status="PASS" signature="loginPageTitleTest()[pri:0, instance:com.qa.pom.testCases.LoginPageTest@1794d431]" name="loginPageTitleTest" duration-ms="334" started-at="2018-08-25T17:08:58Z" finished-at="2018-08-25T17:08:59Z">
          <reporter-output>
          </reporter-output>
        </test-method> <!-- loginPageTitleTest -->
        <test-method status="PASS" signature="tearDown()[pri:0, instance:com.qa.pom.testCases.LoginPageTest@1794d431]" name="tearDown" is-config="true" duration-ms="1014" started-at="2018-08-25T17:08:59Z" finished-at="2018-08-25T17:09:00Z">
          <reporter-output>
          </reporter-output>
        </test-method> <!-- tearDown -->
        <test-method status="PASS" signature="setUp()[pri:0, instance:com.qa.pom.testCases.LoginPageTest@1794d431]" name="setUp" is-config="true" duration-ms="17517" started-at="2018-08-25T17:09:00Z" finished-at="2018-08-25T17:09:17Z">
          <reporter-output>
          </reporter-output>
        </test-method> <!-- setUp -->
        <test-method status="PASS" signature="crmImageTest()[pri:1, instance:com.qa.pom.testCases.LoginPageTest@1794d431]" name="crmImageTest" duration-ms="136" started-at="2018-08-25T17:09:17Z" finished-at="2018-08-25T17:09:17Z">
          <reporter-output>
          </reporter-output>
        </test-method> <!-- crmImageTest -->
        <test-method status="PASS" signature="tearDown()[pri:0, instance:com.qa.pom.testCases.LoginPageTest@1794d431]" name="tearDown" is-config="true" duration-ms="757" started-at="2018-08-25T17:09:17Z" finished-at="2018-08-25T17:09:18Z">
          <reporter-output>
          </reporter-output>
        </test-method> <!-- tearDown -->
        <test-method status="PASS" signature="setUp()[pri:0, instance:com.qa.pom.testCases.LoginPageTest@1794d431]" name="setUp" is-config="true" duration-ms="15952" started-at="2018-08-25T17:09:18Z" finished-at="2018-08-25T17:09:34Z">
          <reporter-output>
          </reporter-output>
        </test-method> <!-- setUp -->
        <test-method status="PASS" signature="loginTest()[pri:2, instance:com.qa.pom.testCases.LoginPageTest@1794d431]" name="loginTest" duration-ms="13755" started-at="2018-08-25T17:09:34Z" finished-at="2018-08-25T17:09:48Z">
          <reporter-output>
          </reporter-output>
        </test-method> <!-- loginTest -->
        <test-method status="PASS" signature="tearDown()[pri:0, instance:com.qa.pom.testCases.LoginPageTest@1794d431]" name="tearDown" is-config="true" duration-ms="733" started-at="2018-08-25T17:09:48Z" finished-at="2018-08-25T17:09:49Z">
          <reporter-output>
          </reporter-output>
        </test-method> <!-- tearDown -->
      </class> <!-- com.qa.pom.testCases.LoginPageTest -->
    </test> <!-- Default test -->
  </suite> <!-- Default suite -->
</testng-results>
